<?xml version="1.0" encoding="UTF-8"?>
<!-- Generated by org.testng.reporters.JUnitReportReporter -->
<testsuite skipped="0" hostname="DESKTOP-I8ANQG5" name="cardioscan.CardioScanValidLoginTest" tests="1" failures="0" timestamp="15 Feb 2018 06:54:01 GMT" time="5.367" errors="0">
  <testcase name="cardioScanInvalidLogin" time="5.367" classname="cardioscan.CardioScanValidLoginTest"/>
</testsuite> <!-- cardioscan.CardioScanValidLoginTest -->
